#-----------------------------------------------------------
# Vivado v2019.1 (64-bit)
# SW Build 2552052 on Fri May 24 14:47:09 MDT 2019
# IP Build 2548770 on Fri May 24 18:01:18 MDT 2019
# Start of session at: Fri Apr 23 01:41:13 2021
# Process ID: 2954
# Current directory: /home/egoncu/Desktop/github/customAXIPeripheral/prj
# Command line: vivado customPer/customPer.xpr
# Log file: /home/egoncu/Desktop/github/customAXIPeripheral/prj/vivado.log
# Journal file: /home/egoncu/Desktop/github/customAXIPeripheral/prj/vivado.jou
#-----------------------------------------------------------
start_gui
open_project customPer/customPer.xpr
Scanning sources...
Finished scanning sources
INFO: [IP_Flow 19-234] Refreshing IP repositories
INFO: [IP_Flow 19-1700] Loaded user IP repository '/home/egoncu/Desktop/github/customAXIPeripheral/prj/ip_repo/gpioIP_1.0'.
INFO: [IP_Flow 19-1700] Loaded user IP repository '/home/egoncu/Desktop/github/customAXIPeripheral/prj/ip_repo/customPeripheral_1.0'.
INFO: [IP_Flow 19-2313] Loaded Vivado IP repository '/tools/Xilinx/Vivado/2019.1/data/ip'.
open_project: Time (s): cpu = 00:00:20 ; elapsed = 00:00:08 . Memory (MB): peak = 6449.578 ; gain = 139.996 ; free physical = 2094 ; free virtual = 6027
launch_sdk -workspace /home/egoncu/Desktop/github/customAXIPeripheral/prj/customPer/customPer.sdk -hwspec /home/egoncu/Desktop/github/customAXIPeripheral/prj/customPer/customPer.sdk/design_1_wrapper.hdf
INFO: [Vivado 12-393] Launching SDK...
INFO: [Vivado 12-417] Running xsdk -workspace /home/egoncu/Desktop/github/customAXIPeripheral/prj/customPer/customPer.sdk -hwspec /home/egoncu/Desktop/github/customAXIPeripheral/prj/customPer/customPer.sdk/design_1_wrapper.hdf
INFO: [Vivado 12-3157] SDK launch initiated. Please check console for any further messages.
update_compile_order -fileset sources_1
file mkdir /home/egoncu/Desktop/github/customAXIPeripheral/prj/customPer/customPer.sdk
file copy -force /home/egoncu/Desktop/github/customAXIPeripheral/prj/customPer/customPer.runs/impl_1/design_1_wrapper.sysdef /home/egoncu/Desktop/github/customAXIPeripheral/prj/customPer/customPer.sdk/design_1_wrapper.hdf

launch_sdk -workspace /home/egoncu/Desktop/github/customAXIPeripheral/prj/customPer/customPer.sdk -hwspec /home/egoncu/Desktop/github/customAXIPeripheral/prj/customPer/customPer.sdk/design_1_wrapper.hdf
INFO: [Vivado 12-393] Launching SDK...
INFO: [Vivado 12-417] Running xsdk -workspace /home/egoncu/Desktop/github/customAXIPeripheral/prj/customPer/customPer.sdk -hwspec /home/egoncu/Desktop/github/customAXIPeripheral/prj/customPer/customPer.sdk/design_1_wrapper.hdf
INFO: [Vivado 12-3157] SDK launch initiated. Please check console for any further messages.
open_bd_design {/home/egoncu/Desktop/github/customAXIPeripheral/prj/customPer/customPer.srcs/sources_1/bd/design_1/design_1.bd}
Adding component instance block -- xilinx.com:ip:processing_system7:5.5 - processing_system7_0
Adding component instance block -- xilinx.com:ip:axi_interconnect:2.1 - axi_interconnect_0
Adding component instance block -- xilinx.com:ip:axi_crossbar:2.1 - xbar
Adding component instance block -- xilinx.com:ip:axi_protocol_converter:2.1 - auto_pc
Adding component instance block -- xilinx.com:ip:proc_sys_reset:5.0 - rst_ps7_0_102M
Adding component instance block -- xilinx.com:ip:axi_gpio:2.0 - axi_gpio_0
Adding component instance block -- xilinx.com:ip:axi_gpio:2.0 - axi_gpio_1
Adding component instance block -- xilinx.com:module_ref:debounce_core:1.0 - debounce_core_0
Adding component instance block -- user.org:user:gpioIP:1.0 - gpioIP_0
Adding component instance block -- xilinx.com:module_ref:stream_generator:1.0 - stream_generator_0
Adding component instance block -- user.org:user:customPeripheral:1.0 - customPeripheral_0
Successfully read diagram <design_1> from BD file </home/egoncu/Desktop/github/customAXIPeripheral/prj/customPer/customPer.srcs/sources_1/bd/design_1/design_1.bd>
open_bd_design: Time (s): cpu = 00:00:10 ; elapsed = 00:00:06 . Memory (MB): peak = 6584.949 ; gain = 5.207 ; free physical = 150 ; free virtual = 5156
WARNING: [IP_Flow 19-474] Invalid Parameter 'Component_Name'
delete_bd_objs [get_bd_intf_nets axi_gpio_0_GPIO] [get_bd_intf_nets axi_interconnect_0_M01_AXI] [get_bd_intf_nets axi_gpio_0_GPIO2] [get_bd_cells axi_gpio_0]
delete_bd_objs [get_bd_intf_nets axi_interconnect_0_M02_AXI] [get_bd_intf_nets axi_gpio_1_GPIO] [get_bd_cells axi_gpio_1]
delete_bd_objs [get_bd_intf_nets axi_interconnect_0_M03_AXI] [get_bd_nets customPeripheral_0_gpo] [get_bd_nets gpioIP_0_switches] [get_bd_nets gpioIP_0_btn] [get_bd_cells gpioIP_0]
delete_bd_objs: Time (s): cpu = 00:00:08 ; elapsed = 00:00:07 . Memory (MB): peak = 6751.332 ; gain = 0.000 ; free physical = 291 ; free virtual = 4152
delete_bd_objs [get_bd_intf_ports sws_8bits]
delete_bd_objs [get_bd_intf_ports leds_8bits]
delete_bd_objs [get_bd_intf_ports btns_5bits]
startgroup
make_bd_pins_external  [get_bd_pins customPeripheral_0/gpi]
endgroup
startgroup
make_bd_pins_external  [get_bd_pins customPeripheral_0/gpo]
endgroup
startgroup
make_bd_pins_external  [get_bd_pins debounce_core_0/din]
endgroup
regenerate_bd_layout
validate_bd_design
WARNING: [BD 41-927] Following properties on pin /debounce_core_0/clk have been updated from connected ip. They may not be synchronized with cell properties. You can set property on pin directly to confirm the value and resolve the warning.
	CLK_DOMAIN=design_1_processing_system7_0_0_FCLK_CLK0 
WARNING: [BD 41-927] Following properties on pin /debounce_core_0/reset have been updated from connected ip. They may not be synchronized with cell properties. You can set property on pin directly to confirm the value and resolve the warning.
	POLARITY=ACTIVE_HIGH 
WARNING: [BD 41-927] Following properties on pin /stream_generator_0/clk have been updated from connected ip. They may not be synchronized with cell properties. You can set property on pin directly to confirm the value and resolve the warning.
	CLK_DOMAIN=design_1_processing_system7_0_0_FCLK_CLK0 
save_bd_design
Wrote  : </home/egoncu/Desktop/github/customAXIPeripheral/prj/customPer/customPer.srcs/sources_1/bd/design_1/design_1.bd> 
Wrote  : </home/egoncu/Desktop/github/customAXIPeripheral/prj/customPer/customPer.srcs/sources_1/bd/design_1/ui/bd_1f5defd0.ui> 
make_wrapper -files [get_files /home/egoncu/Desktop/github/customAXIPeripheral/prj/customPer/customPer.srcs/sources_1/bd/design_1/design_1.bd] -top
INFO: [BD 41-1662] The design 'design_1.bd' is already validated. Therefore parameter propagation will not be re-run.
VHDL Output written to : /home/egoncu/Desktop/github/customAXIPeripheral/prj/customPer/customPer.srcs/sources_1/bd/design_1/synth/design_1.vhd
VHDL Output written to : /home/egoncu/Desktop/github/customAXIPeripheral/prj/customPer/customPer.srcs/sources_1/bd/design_1/sim/design_1.vhd
VHDL Output written to : /home/egoncu/Desktop/github/customAXIPeripheral/prj/customPer/customPer.srcs/sources_1/bd/design_1/hdl/design_1_wrapper.vhd
file mkdir /home/egoncu/Desktop/github/customAXIPeripheral/prj/customPer/customPer.srcs/constrs_1
file mkdir /home/egoncu/Desktop/github/customAXIPeripheral/prj/customPer/customPer.srcs/constrs_1/new
close [ open /home/egoncu/Desktop/github/customAXIPeripheral/prj/customPer/customPer.srcs/constrs_1/new/zedBoard.xdc w ]
add_files -fileset constrs_1 /home/egoncu/Desktop/github/customAXIPeripheral/prj/customPer/customPer.srcs/constrs_1/new/zedBoard.xdc
set_property target_constrs_file /home/egoncu/Desktop/github/customAXIPeripheral/prj/customPer/customPer.srcs/constrs_1/new/zedBoard.xdc [current_fileset -constrset]
reset_run synth_1
reset_run design_1_xbar_0_synth_1
launch_runs impl_1 -to_step write_bitstream -jobs 2
INFO: [BD 41-1662] The design 'design_1.bd' is already validated. Therefore parameter propagation will not be re-run.
VHDL Output written to : /home/egoncu/Desktop/github/customAXIPeripheral/prj/customPer/customPer.srcs/sources_1/bd/design_1/synth/design_1.vhd
VHDL Output written to : /home/egoncu/Desktop/github/customAXIPeripheral/prj/customPer/customPer.srcs/sources_1/bd/design_1/sim/design_1.vhd
VHDL Output written to : /home/egoncu/Desktop/github/customAXIPeripheral/prj/customPer/customPer.srcs/sources_1/bd/design_1/hdl/design_1_wrapper.vhd
INFO: [BD 41-1029] Generation completed for the IP Integrator block customPeripheral_0 .
INFO: [BD 41-1029] Generation completed for the IP Integrator block processing_system7_0 .
INFO: [BD 41-1029] Generation completed for the IP Integrator block axi_interconnect_0/xbar .
INFO: [BD 41-1029] Generation completed for the IP Integrator block rst_ps7_0_102M .
INFO: [BD 41-1029] Generation completed for the IP Integrator block stream_generator_0 .
INFO: [BD 41-1029] Generation completed for the IP Integrator block debounce_core_0 .
WARNING: [IP_Flow 19-4994] Overwriting existing constraint file '/home/egoncu/Desktop/github/customAXIPeripheral/prj/customPer/customPer.srcs/sources_1/bd/design_1/ip/design_1_auto_pc_0/design_1_auto_pc_0_ooc.xdc'
INFO: [BD 41-1029] Generation completed for the IP Integrator block axi_interconnect_0/s00_couplers/auto_pc .
Exporting to file /home/egoncu/Desktop/github/customAXIPeripheral/prj/customPer/customPer.srcs/sources_1/bd/design_1/hw_handoff/design_1.hwh
Generated Block Design Tcl file /home/egoncu/Desktop/github/customAXIPeripheral/prj/customPer/customPer.srcs/sources_1/bd/design_1/hw_handoff/design_1_bd.tcl
Generated Hardware Definition File /home/egoncu/Desktop/github/customAXIPeripheral/prj/customPer/customPer.srcs/sources_1/bd/design_1/synth/design_1.hwdef
INFO: [IP_Flow 19-4993] Using cached IP synthesis design for IP design_1_auto_pc_0, cache-ID = 139df63976d586e2; cache size = 3,797 MB.
[Fri Apr 23 07:09:04 2021] Launched design_1_xbar_0_synth_1, design_1_processing_system7_0_0_synth_1, synth_1...
Run output will be captured here:
design_1_xbar_0_synth_1: /home/egoncu/Desktop/github/customAXIPeripheral/prj/customPer/customPer.runs/design_1_xbar_0_synth_1/runme.log
design_1_processing_system7_0_0_synth_1: /home/egoncu/Desktop/github/customAXIPeripheral/prj/customPer/customPer.runs/design_1_processing_system7_0_0_synth_1/runme.log
synth_1: /home/egoncu/Desktop/github/customAXIPeripheral/prj/customPer/customPer.runs/synth_1/runme.log
[Fri Apr 23 07:09:04 2021] Launched impl_1...
Run output will be captured here: /home/egoncu/Desktop/github/customAXIPeripheral/prj/customPer/customPer.runs/impl_1/runme.log
launch_runs: Time (s): cpu = 00:00:47 ; elapsed = 00:00:39 . Memory (MB): peak = 7020.562 ; gain = 109.723 ; free physical = 924 ; free virtual = 4665
reset_run synth_1
launch_runs impl_1 -to_step write_bitstream -jobs 2
[Fri Apr 23 07:16:41 2021] Launched synth_1...
Run output will be captured here: /home/egoncu/Desktop/github/customAXIPeripheral/prj/customPer/customPer.runs/synth_1/runme.log
[Fri Apr 23 07:16:41 2021] Launched impl_1...
Run output will be captured here: /home/egoncu/Desktop/github/customAXIPeripheral/prj/customPer/customPer.runs/impl_1/runme.log
file mkdir /home/egoncu/Desktop/github/customAXIPeripheral/prj/customPer/customPer.sdk
file copy -force /home/egoncu/Desktop/github/customAXIPeripheral/prj/customPer/customPer.runs/impl_1/design_1_wrapper.sysdef /home/egoncu/Desktop/github/customAXIPeripheral/prj/customPer/customPer.sdk/design_1_wrapper.hdf

launch_sdk -workspace /home/egoncu/Desktop/github/customAXIPeripheral/prj/customPer/customPer.sdk -hwspec /home/egoncu/Desktop/github/customAXIPeripheral/prj/customPer/customPer.sdk/design_1_wrapper.hdf
INFO: [Vivado 12-393] Launching SDK...
INFO: [Vivado 12-417] Running xsdk -workspace /home/egoncu/Desktop/github/customAXIPeripheral/prj/customPer/customPer.sdk -hwspec /home/egoncu/Desktop/github/customAXIPeripheral/prj/customPer/customPer.sdk/design_1_wrapper.hdf
INFO: [Vivado 12-3157] SDK launch initiated. Please check console for any further messages.
ipx::edit_ip_in_project -upgrade true -name customPeripheral_v1_0_project -directory /home/egoncu/Desktop/github/customAXIPeripheral/prj/customPer/customPer.tmp/customPeripheral_v1_0_project /home/egoncu/Desktop/github/customAXIPeripheral/prj/ip_repo/customPeripheral_1.0/component.xml
INFO: [IP_Flow 19-234] Refreshing IP repositories
INFO: [IP_Flow 19-1704] No user IP repositories specified
INFO: [IP_Flow 19-2313] Loaded Vivado IP repository '/tools/Xilinx/Vivado/2019.1/data/ip'.
create_project: Time (s): cpu = 00:00:07 ; elapsed = 00:00:05 . Memory (MB): peak = 7020.562 ; gain = 0.000 ; free physical = 721 ; free virtual = 3859
INFO: [IP_Flow 19-234] Refreshing IP repositories
INFO: [IP_Flow 19-1700] Loaded user IP repository '/home/egoncu/Desktop/github/customAXIPeripheral/prj/ip_repo/gpioIP_1.0'.
INFO: [IP_Flow 19-1700] Loaded user IP repository '/home/egoncu/Desktop/github/customAXIPeripheral/prj/ip_repo/customPeripheral_1.0'.
INFO: [IP_Flow 19-795] Syncing license key meta-data
ipx::edit_ip_in_project: Time (s): cpu = 00:00:11 ; elapsed = 00:00:08 . Memory (MB): peak = 7020.562 ; gain = 0.000 ; free physical = 656 ; free virtual = 3798
update_compile_order -fileset sources_1
ipx::merge_project_changes files [ipx::current_core]
WARNING: [IP_Flow 19-3899] Cannot get the environment domain name variable for the component vendor name. Setting the vendor name to 'user.org'.
WARNING: [IP_Flow 19-4963] fifo_generator_0 has board value specified. The packaged IP will be restricted to usage with board 'em.avnet.com:zed:part0:1.4'
WARNING: [IP_Flow 19-5226] Project source file '/home/egoncu/Desktop/github/customAXIPeripheral/prj/ip_repo/customPeripheral_1.0/component.xml' ignored by IP packager.
ipx::merge_project_changes hdl_parameters [ipx::current_core]
WARNING: [IP_Flow 19-3899] Cannot get the environment domain name variable for the component vendor name. Setting the vendor name to 'user.org'.
WARNING: [IP_Flow 19-4963] fifo_generator_0 has board value specified. The packaged IP will be restricted to usage with board 'em.avnet.com:zed:part0:1.4'
WARNING: [IP_Flow 19-5226] Project source file '/home/egoncu/Desktop/github/customAXIPeripheral/prj/ip_repo/customPeripheral_1.0/component.xml' ignored by IP packager.
INFO: [IP_Flow 19-3166] Bus Interface 'S00_AXI': References existing memory map 'S00_AXI'.
set_property core_revision 5 [ipx::current_core]
ipx::update_source_project_archive -component [ipx::current_core]
ipx::create_xgui_files [ipx::current_core]
ipx::update_checksums [ipx::current_core]
ipx::save_core [ipx::current_core]
ipx::move_temp_component_back -component [ipx::current_core]
close_project -delete
update_ip_catalog -rebuild -repo_path /home/egoncu/Desktop/github/customAXIPeripheral/prj/ip_repo/customPeripheral_1.0
INFO: [IP_Flow 19-725] Reloaded user IP repository '/home/egoncu/Desktop/github/customAXIPeripheral/prj/ip_repo/customPeripheral_1.0'
report_ip_status -name ip_status 
upgrade_ip -vlnv user.org:user:customPeripheral:1.0 [get_ips  design_1_customPeripheral_0_0] -log ip_upgrade.log
Upgrading '/home/egoncu/Desktop/github/customAXIPeripheral/prj/customPer/customPer.srcs/sources_1/bd/design_1/design_1.bd'
INFO: [IP_Flow 19-3422] Upgraded design_1_customPeripheral_0_0 (customPeripheral_v1.0 1.0) from revision 4 to revision 5
Wrote  : </home/egoncu/Desktop/github/customAXIPeripheral/prj/customPer/customPer.srcs/sources_1/bd/design_1/design_1.bd> 
INFO: [Coretcl 2-1525] Wrote upgrade log to '/home/egoncu/Desktop/github/customAXIPeripheral/prj/customPer/ip_upgrade.log'.
export_ip_user_files -of_objects [get_ips design_1_customPeripheral_0_0] -no_script -sync -force -quiet
reset_run synth_1
launch_runs impl_1 -to_step write_bitstream -jobs 2
WARNING: [BD 41-927] Following properties on pin /debounce_core_0/clk have been updated from connected ip. They may not be synchronized with cell properties. You can set property on pin directly to confirm the value and resolve the warning.
	CLK_DOMAIN=design_1_processing_system7_0_0_FCLK_CLK0 
WARNING: [BD 41-927] Following properties on pin /debounce_core_0/reset have been updated from connected ip. They may not be synchronized with cell properties. You can set property on pin directly to confirm the value and resolve the warning.
	POLARITY=ACTIVE_HIGH 
WARNING: [BD 41-927] Following properties on pin /stream_generator_0/clk have been updated from connected ip. They may not be synchronized with cell properties. You can set property on pin directly to confirm the value and resolve the warning.
	CLK_DOMAIN=design_1_processing_system7_0_0_FCLK_CLK0 
Wrote  : </home/egoncu/Desktop/github/customAXIPeripheral/prj/customPer/customPer.srcs/sources_1/bd/design_1/design_1.bd> 
VHDL Output written to : /home/egoncu/Desktop/github/customAXIPeripheral/prj/customPer/customPer.srcs/sources_1/bd/design_1/synth/design_1.vhd
VHDL Output written to : /home/egoncu/Desktop/github/customAXIPeripheral/prj/customPer/customPer.srcs/sources_1/bd/design_1/sim/design_1.vhd
VHDL Output written to : /home/egoncu/Desktop/github/customAXIPeripheral/prj/customPer/customPer.srcs/sources_1/bd/design_1/hdl/design_1_wrapper.vhd
INFO: [BD 41-1029] Generation completed for the IP Integrator block customPeripheral_0 .
INFO: [BD 41-1029] Generation completed for the IP Integrator block processing_system7_0 .
INFO: [BD 41-1029] Generation completed for the IP Integrator block axi_interconnect_0/xbar .
INFO: [BD 41-1029] Generation completed for the IP Integrator block rst_ps7_0_102M .
INFO: [BD 41-1029] Generation completed for the IP Integrator block stream_generator_0 .
INFO: [BD 41-1029] Generation completed for the IP Integrator block debounce_core_0 .
WARNING: [IP_Flow 19-4994] Overwriting existing constraint file '/home/egoncu/Desktop/github/customAXIPeripheral/prj/customPer/customPer.srcs/sources_1/bd/design_1/ip/design_1_auto_pc_0/design_1_auto_pc_0_ooc.xdc'
INFO: [BD 41-1029] Generation completed for the IP Integrator block axi_interconnect_0/s00_couplers/auto_pc .
Exporting to file /home/egoncu/Desktop/github/customAXIPeripheral/prj/customPer/customPer.srcs/sources_1/bd/design_1/hw_handoff/design_1.hwh
Generated Block Design Tcl file /home/egoncu/Desktop/github/customAXIPeripheral/prj/customPer/customPer.srcs/sources_1/bd/design_1/hw_handoff/design_1_bd.tcl
Generated Hardware Definition File /home/egoncu/Desktop/github/customAXIPeripheral/prj/customPer/customPer.srcs/sources_1/bd/design_1/synth/design_1.hwdef
INFO: [IP_Flow 19-4993] Using cached IP synthesis design for IP design_1_auto_pc_0, cache-ID = 139df63976d586e2; cache size = 5,016 MB.
[Fri Apr 23 07:33:56 2021] Launched design_1_customPeripheral_0_0_synth_1, synth_1...
Run output will be captured here:
design_1_customPeripheral_0_0_synth_1: /home/egoncu/Desktop/github/customAXIPeripheral/prj/customPer/customPer.runs/design_1_customPeripheral_0_0_synth_1/runme.log
synth_1: /home/egoncu/Desktop/github/customAXIPeripheral/prj/customPer/customPer.runs/synth_1/runme.log
[Fri Apr 23 07:33:56 2021] Launched impl_1...
Run output will be captured here: /home/egoncu/Desktop/github/customAXIPeripheral/prj/customPer/customPer.runs/impl_1/runme.log
launch_runs: Time (s): cpu = 00:00:24 ; elapsed = 00:00:23 . Memory (MB): peak = 7165.926 ; gain = 0.000 ; free physical = 616 ; free virtual = 3800
report_ip_status -name ip_status 
