Copyright 1986-2019 Xilinx, Inc. All Rights Reserved.
--------------------------------------------------------------------------------------
| Tool Version : Vivado v.2019.1.3 (lin64) Build 2644227 Wed Sep  4 09:44:18 MDT 2019
| Date         : Fri Apr 23 14:36:27 2021
| Host         : egoncu-Lenovo-IdeaPad-L340-15API running 64-bit Ubuntu 20.04.1 LTS
| Command      : upgrade_ip
| Device       : xc7z020clg400-1
--------------------------------------------------------------------------------------

Upgrade Log for IP 'design_1_rst_ps7_0_102M_0'

1. Summary
----------

SUCCESS in the conversion of design_1_rst_ps7_0_102M_0 (xilinx.com:ip:proc_sys_reset:5.0 (Rev. 13)) to Vivado generation flows.






Copyright 1986-2019 Xilinx, Inc. All Rights Reserved.
--------------------------------------------------------------------------------------
| Tool Version : Vivado v.2019.1.3 (lin64) Build 2644227 Wed Sep  4 09:44:18 MDT 2019
| Date         : Fri Apr 23 14:36:27 2021
| Host         : egoncu-Lenovo-IdeaPad-L340-15API running 64-bit Ubuntu 20.04.1 LTS
| Command      : upgrade_ip
| Device       : xc7z020clg400-1
--------------------------------------------------------------------------------------

Upgrade Log for IP 'design_1_ps7_0_axi_periph_0'

1. Summary
----------

SUCCESS in the conversion of design_1_ps7_0_axi_periph_0 (xilinx.com:ip:axi_interconnect:2.1 (Rev. 20)) to Vivado generation flows.






Copyright 1986-2019 Xilinx, Inc. All Rights Reserved.
--------------------------------------------------------------------------------------
| Tool Version : Vivado v.2019.1.3 (lin64) Build 2644227 Wed Sep  4 09:44:18 MDT 2019
| Date         : Fri Apr 23 14:36:27 2021
| Host         : egoncu-Lenovo-IdeaPad-L340-15API running 64-bit Ubuntu 20.04.1 LTS
| Command      : upgrade_ip
| Device       : xc7z020clg400-1
--------------------------------------------------------------------------------------

Upgrade Log for IP 'design_1_processing_system7_0_0'

1. Summary
----------

SUCCESS in the conversion of design_1_processing_system7_0_0 (xilinx.com:ip:processing_system7:5.5 (Rev. 6)) to Vivado generation flows.

2. Upgrade messages
-------------------

WARNING: upgrade cannot add parameter PCW_TRACE_INTERNAL_WIDTH with default value 32 : a parameter called PCW_TRACE_INTERNAL_WIDTH already exists in processing_system7_v5_5
WARNING: upgrade cannot add parameter PCW_USE_AXI_NONSECURE with default value 0 : a parameter called PCW_USE_AXI_NONSECURE already exists in processing_system7_v5_5
WARNING: upgrade cannot add parameter PCW_EN_PTP_ENET0 with default value 1 : a parameter called PCW_EN_PTP_ENET0 already exists in processing_system7_v5_5
WARNING: upgrade cannot add parameter PCW_EN_PTP_ENET0 with default value 1 : a parameter called PCW_EN_PTP_ENET0 already exists in processing_system7_v5_5
WARNING: upgrade cannot add parameter PCW_GP0_NUM_WRITE_THREADS with default value 4 : a parameter called PCW_GP0_NUM_WRITE_THREADS already exists in processing_system7_v5_5
WARNING: upgrade cannot add parameter PCW_GP0_NUM_READ_THREADS with default value 4 : a parameter called PCW_GP0_NUM_READ_THREADS already exists in processing_system7_v5_5
WARNING: upgrade cannot add parameter PCW_GP1_NUM_WRITE_THREADS with default value 4 : a parameter called PCW_GP1_NUM_WRITE_THREADS already exists in processing_system7_v5_5
WARNING: upgrade cannot add parameter PCW_GP1_NUM_READ_THREADS with default value 4 : a parameter called PCW_GP1_NUM_READ_THREADS already exists in processing_system7_v5_5
WARNING: upgrade cannot add parameter PCW_GP0_EN_MODIFIABLE_TXN with default value 0 : a parameter called PCW_GP0_EN_MODIFIABLE_TXN already exists in processing_system7_v5_5
WARNING: upgrade cannot add parameter PCW_GP1_EN_MODIFIABLE_TXN with default value 0 : a parameter called PCW_GP1_EN_MODIFIABLE_TXN already exists in processing_system7_v5_5






Copyright 1986-2019 Xilinx, Inc. All Rights Reserved.
--------------------------------------------------------------------------------------
| Tool Version : Vivado v.2019.1.3 (lin64) Build 2644227 Wed Sep  4 09:44:18 MDT 2019
| Date         : Fri Apr 23 14:36:27 2021
| Host         : egoncu-Lenovo-IdeaPad-L340-15API running 64-bit Ubuntu 20.04.1 LTS
| Command      : upgrade_ip
| Device       : xc7z020clg400-1
--------------------------------------------------------------------------------------

Upgrade Log for IP 'design_1_debounce_core_0_0'

1. Summary
----------

SUCCESS in the conversion of design_1_debounce_core_0_0 (xilinx.com:module_ref:debounce_core:1.0 (Rev. 1)) to Vivado generation flows.






Copyright 1986-2019 Xilinx, Inc. All Rights Reserved.
--------------------------------------------------------------------------------------
| Tool Version : Vivado v.2019.1.3 (lin64) Build 2644227 Wed Sep  4 09:44:18 MDT 2019
| Date         : Fri Apr 23 14:36:26 2021
| Host         : egoncu-Lenovo-IdeaPad-L340-15API running 64-bit Ubuntu 20.04.1 LTS
| Command      : upgrade_ip
| Device       : xc7z020clg400-1
--------------------------------------------------------------------------------------

Upgrade Log for IP 'design_1_customPeripheral_0_0'

1. Summary
----------

SUCCESS in the conversion of design_1_customPeripheral_0_0 (user.org:user:customPeripheral:1.0 (Rev. 8)) to Vivado generation flows.






Copyright 1986-2019 Xilinx, Inc. All Rights Reserved.
------------------------------------------------------------------------------------
| Tool Version : Vivado v.2019.1 (lin64) Build 2552052 Fri May 24 14:47:09 MDT 2019
| Date         : Fri Apr 23 07:33:07 2021
| Host         : egoncu-Lenovo-IdeaPad-L340-15API running 64-bit Ubuntu 20.04.1 LTS
| Command      : upgrade_ip
| Device       : xc7z020clg484-1
------------------------------------------------------------------------------------

Upgrade Log for IP 'design_1_customPeripheral_0_0'

1. Summary
----------

SUCCESS in the upgrade of design_1_customPeripheral_0_0 (user.org:user:customPeripheral:1.0) from (Rev. 4) to (Rev. 5)






Copyright 1986-2019 Xilinx, Inc. All Rights Reserved.
------------------------------------------------------------------------------------
| Tool Version : Vivado v.2019.1 (lin64) Build 2552052 Fri May 24 14:47:09 MDT 2019
| Date         : Thu Apr 22 11:52:14 2021
| Host         : egoncu-Lenovo-IdeaPad-L340-15API running 64-bit Ubuntu 20.04.1 LTS
| Command      : upgrade_ip
| Device       : xc7z020clg484-1
------------------------------------------------------------------------------------

Upgrade Log for IP 'design_1_customPeripheral_0_0'

1. Summary
----------

SUCCESS in the upgrade of design_1_customPeripheral_0_0 (user.org:user:customPeripheral:1.0) from (Rev. 3) to (Rev. 4)






Copyright 1986-2019 Xilinx, Inc. All Rights Reserved.
------------------------------------------------------------------------------------
| Tool Version : Vivado v.2019.1 (lin64) Build 2552052 Fri May 24 14:47:09 MDT 2019
| Date         : Thu Apr 22 09:13:56 2021
| Host         : egoncu-Lenovo-IdeaPad-L340-15API running 64-bit Ubuntu 20.04.1 LTS
| Command      : upgrade_ip
| Device       : xc7z020clg484-1
------------------------------------------------------------------------------------

Upgrade Log for IP 'design_1_gpioIP_0_0'

1. Summary
----------

SUCCESS in the upgrade of design_1_gpioIP_0_0 (user.org:user:gpioIP:1.0) from (Rev. 2) to (Rev. 3)






Copyright 1986-2019 Xilinx, Inc. All Rights Reserved.
------------------------------------------------------------------------------------
| Tool Version : Vivado v.2019.1 (lin64) Build 2552052 Fri May 24 14:47:09 MDT 2019
| Date         : Thu Apr 22 09:13:56 2021
| Host         : egoncu-Lenovo-IdeaPad-L340-15API running 64-bit Ubuntu 20.04.1 LTS
| Command      : upgrade_ip
| Device       : xc7z020clg484-1
------------------------------------------------------------------------------------

Upgrade Log for IP 'design_1_customPeripheral_0_0'

1. Summary
----------

SUCCESS in the upgrade of design_1_customPeripheral_0_0 (user.org:user:customPeripheral:1.0) from (Rev. 2) to (Rev. 3)






Copyright 1986-2019 Xilinx, Inc. All Rights Reserved.
------------------------------------------------------------------------------------
| Tool Version : Vivado v.2019.1 (lin64) Build 2552052 Fri May 24 14:47:09 MDT 2019
| Date         : Wed Apr 21 09:34:20 2021
| Host         : egoncu-Lenovo-IdeaPad-L340-15API running 64-bit Ubuntu 20.04.1 LTS
| Command      : upgrade_ip
| Device       : xc7z020clg484-1
------------------------------------------------------------------------------------

Upgrade Log for IP 'design_1_stream_generator_0_0'

1. Summary
----------

SUCCESS in the conversion of design_1_stream_generator_0_0 (xilinx.com:module_ref:stream_generator:1.0 (Rev. 1)) to Vivado generation flows.






Copyright 1986-2019 Xilinx, Inc. All Rights Reserved.
------------------------------------------------------------------------------------
| Tool Version : Vivado v.2019.1 (lin64) Build 2552052 Fri May 24 14:47:09 MDT 2019
| Date         : Wed Apr 21 09:34:20 2021
| Host         : egoncu-Lenovo-IdeaPad-L340-15API running 64-bit Ubuntu 20.04.1 LTS
| Command      : upgrade_ip
| Device       : xc7z020clg484-1
------------------------------------------------------------------------------------

Upgrade Log for IP 'design_1_gpioIP_0_0'

1. Summary
----------

CAUTION (success, with warnings) in the upgrade of design_1_gpioIP_0_0 (user.org:user:gpioIP:1.0) from (Rev. 1) to (Rev. 2)

After upgrade, an IP may have parameter and port differences compared to the original customization. Please review the parameters within the IP customization GUI to ensure proper functionality. Also, please review the updated IP instantiation template to ensure proper connectivity, and update your design if required.

2. Connection Warnings
----------------------

Detected external port differences while upgrading 'design_1_gpioIP_0_0'. These changes may impact your design.


-Upgrade has added port 'btn'

-Upgrade has added port 'leds'

-Upgrade has added port 'switches'







Copyright 1986-2019 Xilinx, Inc. All Rights Reserved.
------------------------------------------------------------------------------------
| Tool Version : Vivado v.2019.1 (lin64) Build 2552052 Fri May 24 14:47:09 MDT 2019
| Date         : Wed Apr 21 09:33:51 2021
| Host         : egoncu-Lenovo-IdeaPad-L340-15API running 64-bit Ubuntu 20.04.1 LTS
| Command      : upgrade_ip
| Device       : xc7z020clg484-1
------------------------------------------------------------------------------------

Upgrade Log for IP 'design_1_customPeripheral_0_0'

1. Summary
----------

SUCCESS in the conversion of design_1_customPeripheral_0_0 (user.org:user:customPeripheral:1.0 (Rev. 2)) to Vivado generation flows.






Copyright 1986-2019 Xilinx, Inc. All Rights Reserved.
------------------------------------------------------------------------------------
| Tool Version : Vivado v.2019.1 (lin64) Build 2552052 Fri May 24 14:47:09 MDT 2019
| Date         : Wed Apr 21 01:22:34 2021
| Host         : egoncu-Lenovo-IdeaPad-L340-15API running 64-bit Ubuntu 20.04.1 LTS
| Command      : upgrade_ip
| Device       : xc7z020clg484-1
------------------------------------------------------------------------------------

Upgrade Log for IP 'design_1_customPeripheral_0_0'

1. Summary
----------

CAUTION (success, with warnings) in the upgrade of design_1_customPeripheral_0_0 (user.org:user:customPeripheral:1.0) from (Rev. 1) to (Rev. 2)

After upgrade, an IP may have parameter and port differences compared to the original customization. Please review the parameters within the IP customization GUI to ensure proper functionality. Also, please review the updated IP instantiation template to ensure proper connectivity, and update your design if required.

2. Connection Warnings
----------------------

Detected external port differences while upgrading 'design_1_customPeripheral_0_0'. These changes may impact your design.


-Upgrade has added port 'gpi'

-Upgrade has added port 'gpo'


